Determining if the pthread_create exist failed with the following output:
Change Dir: /home/fraunhofer/workspace/QuanergySystems/mauri/quanergy_client/makusBuild/CMakeFiles/CMakeTmp

Run Build Command:"/usr/bin/make" "cmTC_613c7/fast"
/usr/bin/make -f CMakeFiles/cmTC_613c7.dir/build.make CMakeFiles/cmTC_613c7.dir/build
make[1]: Verzeichnis »/home/fraunhofer/workspace/QuanergySystems/mauri/quanergy_client/makusBuild/CMakeFiles/CMakeTmp« wird betreten
Building C object CMakeFiles/cmTC_613c7.dir/CheckSymbolExists.c.o
/usr/bin/cc     -o CMakeFiles/cmTC_613c7.dir/CheckSymbolExists.c.o   -c /home/fraunhofer/workspace/QuanergySystems/mauri/quanergy_client/makusBuild/CMakeFiles/CMakeTmp/CheckSymbolExists.c
Linking C executable cmTC_613c7
/usr/bin/cmake -E cmake_link_script CMakeFiles/cmTC_613c7.dir/link.txt --verbose=1
/usr/bin/cc       CMakeFiles/cmTC_613c7.dir/CheckSymbolExists.c.o  -o cmTC_613c7 -rdynamic 
CMakeFiles/cmTC_613c7.dir/CheckSymbolExists.c.o: In Funktion `main':
CheckSymbolExists.c:(.text+0x16): Nicht definierter Verweis auf `pthread_create'
collect2: error: ld returned 1 exit status
make[1]: *** [cmTC_613c7] Fehler 1
make[1]: Verzeichnis »/home/fraunhofer/workspace/QuanergySystems/mauri/quanergy_client/makusBuild/CMakeFiles/CMakeTmp« wird verlassen
make: *** [cmTC_613c7/fast] Fehler 2

File /home/fraunhofer/workspace/QuanergySystems/mauri/quanergy_client/makusBuild/CMakeFiles/CMakeTmp/CheckSymbolExists.c:
/* */
#include <pthread.h>

int main(int argc, char** argv)
{
  (void)argv;
#ifndef pthread_create
  return ((int*)(&pthread_create))[argc];
#else
  (void)argc;
  return 0;
#endif
}

Determining if the function pthread_create exists in the pthreads failed with the following output:
Change Dir: /home/fraunhofer/workspace/QuanergySystems/mauri/quanergy_client/makusBuild/CMakeFiles/CMakeTmp

Run Build Command:"/usr/bin/make" "cmTC_24257/fast"
/usr/bin/make -f CMakeFiles/cmTC_24257.dir/build.make CMakeFiles/cmTC_24257.dir/build
make[1]: Verzeichnis »/home/fraunhofer/workspace/QuanergySystems/mauri/quanergy_client/makusBuild/CMakeFiles/CMakeTmp« wird betreten
Building C object CMakeFiles/cmTC_24257.dir/CheckFunctionExists.c.o
/usr/bin/cc    -DCHECK_FUNCTION_EXISTS=pthread_create   -o CMakeFiles/cmTC_24257.dir/CheckFunctionExists.c.o   -c /usr/share/cmake-3.5/Modules/CheckFunctionExists.c
Linking C executable cmTC_24257
/usr/bin/cmake -E cmake_link_script CMakeFiles/cmTC_24257.dir/link.txt --verbose=1
/usr/bin/cc   -DCHECK_FUNCTION_EXISTS=pthread_create    CMakeFiles/cmTC_24257.dir/CheckFunctionExists.c.o  -o cmTC_24257 -rdynamic -lpthreads 
/usr/bin/ld: cannot find -lpthreads
collect2: error: ld returned 1 exit status
make[1]: *** [cmTC_24257] Fehler 1
make[1]: Verzeichnis »/home/fraunhofer/workspace/QuanergySystems/mauri/quanergy_client/makusBuild/CMakeFiles/CMakeTmp« wird verlassen
make: *** [cmTC_24257/fast] Fehler 2


