Determining if the pthread_create exist failed with the following output:
Change Dir: /home/fraunhofer/workspace/QuanergySystems/quanergy_client/mybuild/CMakeFiles/CMakeTmp

Run Build Command:"/usr/bin/make" "cmTC_ace87/fast"
/usr/bin/make -f CMakeFiles/cmTC_ace87.dir/build.make CMakeFiles/cmTC_ace87.dir/build
make[1]: Verzeichnis »/home/fraunhofer/workspace/QuanergySystems/quanergy_client/mybuild/CMakeFiles/CMakeTmp« wird betreten
Building C object CMakeFiles/cmTC_ace87.dir/CheckSymbolExists.c.o
/usr/bin/cc     -o CMakeFiles/cmTC_ace87.dir/CheckSymbolExists.c.o   -c /home/fraunhofer/workspace/QuanergySystems/quanergy_client/mybuild/CMakeFiles/CMakeTmp/CheckSymbolExists.c
Linking C executable cmTC_ace87
/usr/bin/cmake -E cmake_link_script CMakeFiles/cmTC_ace87.dir/link.txt --verbose=1
/usr/bin/cc       CMakeFiles/cmTC_ace87.dir/CheckSymbolExists.c.o  -o cmTC_ace87 -rdynamic 
CMakeFiles/cmTC_ace87.dir/CheckSymbolExists.c.o: In Funktion `main':
CheckSymbolExists.c:(.text+0x16): Nicht definierter Verweis auf `pthread_create'
collect2: error: ld returned 1 exit status
make[1]: *** [cmTC_ace87] Fehler 1
make[1]: Verzeichnis »/home/fraunhofer/workspace/QuanergySystems/quanergy_client/mybuild/CMakeFiles/CMakeTmp« wird verlassen
make: *** [cmTC_ace87/fast] Fehler 2

File /home/fraunhofer/workspace/QuanergySystems/quanergy_client/mybuild/CMakeFiles/CMakeTmp/CheckSymbolExists.c:
/* */
#include <pthread.h>

int main(int argc, char** argv)
{
  (void)argv;
#ifndef pthread_create
  return ((int*)(&pthread_create))[argc];
#else
  (void)argc;
  return 0;
#endif
}

Determining if the function pthread_create exists in the pthreads failed with the following output:
Change Dir: /home/fraunhofer/workspace/QuanergySystems/quanergy_client/mybuild/CMakeFiles/CMakeTmp

Run Build Command:"/usr/bin/make" "cmTC_474ba/fast"
/usr/bin/make -f CMakeFiles/cmTC_474ba.dir/build.make CMakeFiles/cmTC_474ba.dir/build
make[1]: Verzeichnis »/home/fraunhofer/workspace/QuanergySystems/quanergy_client/mybuild/CMakeFiles/CMakeTmp« wird betreten
Building C object CMakeFiles/cmTC_474ba.dir/CheckFunctionExists.c.o
/usr/bin/cc    -DCHECK_FUNCTION_EXISTS=pthread_create   -o CMakeFiles/cmTC_474ba.dir/CheckFunctionExists.c.o   -c /usr/share/cmake-3.5/Modules/CheckFunctionExists.c
Linking C executable cmTC_474ba
/usr/bin/cmake -E cmake_link_script CMakeFiles/cmTC_474ba.dir/link.txt --verbose=1
/usr/bin/cc   -DCHECK_FUNCTION_EXISTS=pthread_create    CMakeFiles/cmTC_474ba.dir/CheckFunctionExists.c.o  -o cmTC_474ba -rdynamic -lpthreads 
/usr/bin/ld: cannot find -lpthreads
collect2: error: ld returned 1 exit status
make[1]: *** [cmTC_474ba] Fehler 1
make[1]: Verzeichnis »/home/fraunhofer/workspace/QuanergySystems/quanergy_client/mybuild/CMakeFiles/CMakeTmp« wird verlassen
make: *** [cmTC_474ba/fast] Fehler 2


